#
# There is insufficient memory for the Java Runtime Environment to continue.
# Native memory allocation (malloc) failed to allocate 32744 bytes for ChunkPool::allocate
# Possible reasons:
#   The system is out of physical RAM or swap space
#   In 32 bit mode, the process size limit was hit
# Possible solutions:
#   Reduce memory load on the system
#   Increase physical memory or swap space
#   Check if swap backing store is full
#   Use 64 bit Java on a 64 bit OS
#   Decrease Java heap size (-Xmx/-Xms)
#   Decrease number of Java threads
#   Decrease Java thread stack sizes (-Xss)
#   Set larger code cache with -XX:ReservedCodeCacheSize=
# This output file may be truncated or incomplete.
#
#  Out of Memory Error (allocation.cpp:273), pid=6752, tid=0x0000000000003740
#
# JRE version: Java(TM) SE Runtime Environment (8.0_162-b12) (build 1.8.0_162-b12)
# Java VM: Java HotSpot(TM) 64-Bit Server VM (25.162-b12 mixed mode windows-amd64 compressed oops)
# Failed to write core dump. Minidumps are not enabled by default on client versions of Windows
#

---------------  T H R E A D  ---------------

Current thread (0x0000000017d76000):  JavaThread "C1 CompilerThread2" daemon [_thread_in_native, id=14144, stack(0x00000000195b0000,0x00000000196b0000)]

Stack: [0x00000000195b0000,0x00000000196b0000]
[error occurred during error reporting (printing stack bounds), id 0xc0000005]

Native frames: (J=compiled Java code, j=interpreted, Vv=VM code, C=native code)


Current CompileTask:
C1:    456  352   !   3       com.sun.tools.javac.parser.JavaTokenizer::readToken (2243 bytes)


---------------  P R O C E S S  ---------------

Java Threads: ( => current thread )
  0x0000000017dce800 JavaThread "Service Thread" daemon [_thread_blocked, id=9092, stack(0x0000000019ab0000,0x0000000019bb0000)]
=>0x0000000017d76000 JavaThread "C1 CompilerThread2" daemon [_thread_in_native, id=14144, stack(0x00000000195b0000,0x00000000196b0000)]
  0x0000000017d73800 JavaThread "C2 CompilerThread1" daemon [_thread_in_native, id=13556, stack(0x00000000194b0000,0x00000000195b0000)]
  0x0000000017d6f000 JavaThread "C2 CompilerThread0" daemon [_thread_blocked, id=8748, stack(0x00000000193b0000,0x00000000194b0000)]
  0x0000000017d6d800 JavaThread "Attach Listener" daemon [_thread_blocked, id=14732, stack(0x00000000192b0000,0x00000000193b0000)]
  0x0000000017d6c800 JavaThread "Signal Dispatcher" daemon [_thread_blocked, id=7564, stack(0x00000000191b0000,0x00000000192b0000)]
  0x000000000318e800 JavaThread "Finalizer" daemon [_thread_blocked, id=4592, stack(0x0000000018fc0000,0x00000000190c0000)]
  0x0000000003184800 JavaThread "Reference Handler" daemon [_thread_blocked, id=14584, stack(0x0000000018ec0000,0x0000000018fc0000)]
  0x0000000003093000 JavaThread "main" [_thread_in_Java, id=14220, stack(0x0000000002f70000,0x0000000003070000)]

Other Threads:
  0x0000000017d37000 VMThread [stack: 0x0000000018dc0000,0x0000000018ec0000] [id=5144]
  0x00000000196fb000 WatcherThread [stack: 0x0000000019bb0000,0x0000000019cb0000] [id=14316]

VM state:not at safepoint (normal execution)

VM Mutex/Monitor currently owned by a thread: None

Heap:
 PSYoungGen      total 6656K, used 3374K [0x00000000d5d80000, 0x00000000d6480000, 0x0000000100000000)
  eden space 6144K, 46% used [0x00000000d5d80000,0x00000000d604fa58,0x00000000d6380000)
  from space 512K, 96% used [0x00000000d6400000,0x00000000d647c010,0x00000000d6480000)
  to   space 512K, 0% used [0x00000000d6380000,0x00000000d6380000,0x00000000d6400000)
 ParOldGen       total 5632K, used 796K [0x0000000081800000, 0x0000000081d80000, 0x00000000d5d80000)
  object space 5632K, 14% used [0x0000000081800000,0x00000000818c7050,0x0000000081d80000)
 Metaspace       used 7202K, capacity 8180K, committed 8448K, reserved 1056768K
  class space    used 885K, capacity 944K, committed 1024K, reserved 1048576K

Card table byte_map: [0x00000000125e0000,0x00000000129e0000] byte_map_base: 0x00000000121d4000

Marking Bits: (ParMarkBitMap*) 0x000000005e640860
 Begin Bits: [0x0000000013090000, 0x0000000015030000)
 End Bits:   [0x0000000015030000, 0x0000000016fd0000)

Polling page: 0x0000000001220000

CodeCache: size=245760Kb used=1964Kb max_used=1975Kb free=243795Kb
 bounds [0x0000000003220000, 0x0000000003490000, 0x0000000012220000]
 total_blobs=637 nmethods=355 adapters=195
 compilation: enabled

Compilation events (10 events):
Event: 0.437 Thread 0x0000000017d76000  350       3       com.sun.tools.javac.parser.Tokens$Token::checkKind (43 bytes)
Event: 0.437 Thread 0x0000000017d76000 nmethod 350 0x0000000003407b50 code [0x0000000003407d40, 0x0000000003408778]
Event: 0.437 Thread 0x0000000017d76000  351       3       com.sun.tools.javac.parser.JavaTokenizer::scanIdent (739 bytes)
Event: 0.439 Thread 0x0000000017d76000 nmethod 351 0x0000000003408c10 code [0x0000000003408fa0, 0x000000000340a6e8]
Event: 0.439 Thread 0x0000000017d76000  352   !   3       com.sun.tools.javac.parser.JavaTokenizer::readToken (2243 bytes)
Event: 0.439 Thread 0x0000000017d6f000  357       4       com.sun.tools.javac.parser.UnicodeReader::scanChar (45 bytes)
Event: 0.440 Thread 0x0000000017d6f000 nmethod 357 0x000000000340e150 code [0x000000000340e2a0, 0x000000000340e388]
Event: 0.443 Thread 0x0000000017d73800  362       4       com.sun.tools.javac.parser.UnicodeReader::putChar (41 bytes)
Event: 0.445 Thread 0x0000000017d73800 nmethod 362 0x000000000340c790 code [0x000000000340c8e0, 0x000000000340ca68]
Event: 0.450 Thread 0x0000000017d6f000  370       4       com.sun.tools.javac.parser.UnicodeReader::putChar (10 bytes)

GC Heap History (8 events):
Event: 0.148 GC heap before
{Heap before GC invocations=1 (full 0):
 PSYoungGen      total 2048K, used 1536K [0x00000000d5d80000, 0x00000000d6000000, 0x0000000100000000)
  eden space 1536K, 100% used [0x00000000d5d80000,0x00000000d5f00000,0x00000000d5f00000)
  from space 512K, 0% used [0x00000000d5f80000,0x00000000d5f80000,0x00000000d6000000)
  to   space 512K, 0% used [0x00000000d5f00000,0x00000000d5f00000,0x00000000d5f80000)
 ParOldGen       total 5632K, used 0K [0x0000000081800000, 0x0000000081d80000, 0x00000000d5d80000)
  object space 5632K, 0% used [0x0000000081800000,0x0000000081800000,0x0000000081d80000)
 Metaspace       used 3410K, capacity 4812K, committed 5120K, reserved 1056768K
  class space    used 393K, capacity 456K, committed 512K, reserved 1048576K
Event: 0.150 GC heap after
Heap after GC invocations=1 (full 0):
 PSYoungGen      total 2048K, used 496K [0x00000000d5d80000, 0x00000000d6180000, 0x0000000100000000)
  eden space 1536K, 0% used [0x00000000d5d80000,0x00000000d5d80000,0x00000000d5f00000)
  from space 512K, 96% used [0x00000000d5f00000,0x00000000d5f7c010,0x00000000d5f80000)
  to   space 512K, 0% used [0x00000000d6100000,0x00000000d6100000,0x00000000d6180000)
 ParOldGen       total 5632K, used 56K [0x0000000081800000, 0x0000000081d80000, 0x00000000d5d80000)
  object space 5632K, 0% used [0x0000000081800000,0x000000008180e000,0x0000000081d80000)
 Metaspace       used 3410K, capacity 4812K, committed 5120K, reserved 1056768K
  class space    used 393K, capacity 456K, committed 512K, reserved 1048576K
}
Event: 0.194 GC heap before
{Heap before GC invocations=2 (full 0):
 PSYoungGen      total 2048K, used 2032K [0x00000000d5d80000, 0x00000000d6180000, 0x0000000100000000)
  eden space 1536K, 100% used [0x00000000d5d80000,0x00000000d5f00000,0x00000000d5f00000)
  from space 512K, 96% used [0x00000000d5f00000,0x00000000d5f7c010,0x00000000d5f80000)
  to   space 512K, 0% used [0x00000000d6100000,0x00000000d6100000,0x00000000d6180000)
 ParOldGen       total 5632K, used 56K [0x0000000081800000, 0x0000000081d80000, 0x00000000d5d80000)
  object space 5632K, 0% used [0x0000000081800000,0x000000008180e000,0x0000000081d80000)
 Metaspace       used 4061K, capacity 5324K, committed 5504K, reserved 1056768K
  class space    used 480K, capacity 520K, committed 640K, reserved 1048576K
Event: 0.197 GC heap after
Heap after GC invocations=2 (full 0):
 PSYoungGen      total 3584K, used 512K [0x00000000d5d80000, 0x00000000d6180000, 0x0000000100000000)
  eden space 3072K, 0% used [0x00000000d5d80000,0x00000000d5d80000,0x00000000d6080000)
  from space 512K, 100% used [0x00000000d6100000,0x00000000d6180000,0x00000000d6180000)
  to   space 512K, 0% used [0x00000000d6080000,0x00000000d6080000,0x00000000d6100000)
 ParOldGen       total 5632K, used 136K [0x0000000081800000, 0x0000000081d80000, 0x00000000d5d80000)
  object space 5632K, 2% used [0x0000000081800000,0x0000000081822000,0x0000000081d80000)
 Metaspace       used 4061K, capacity 5324K, committed 5504K, reserved 1056768K
  class space    used 480K, capacity 520K, committed 640K, reserved 1048576K
}
Event: 0.284 GC heap before
{Heap before GC invocations=3 (full 0):
 PSYoungGen      total 3584K, used 3584K [0x00000000d5d80000, 0x00000000d6180000, 0x0000000100000000)
  eden space 3072K, 100% used [0x00000000d5d80000,0x00000000d6080000,0x00000000d6080000)
  from space 512K, 100% used [0x00000000d6100000,0x00000000d6180000,0x00000000d6180000)
  to   space 512K, 0% used [0x00000000d6080000,0x00000000d6080000,0x00000000d6100000)
 ParOldGen       total 5632K, used 136K [0x0000000081800000, 0x0000000081d80000, 0x00000000d5d80000)
  object space 5632K, 2% used [0x0000000081800000,0x0000000081822000,0x0000000081d80000)
 Metaspace       used 5068K, capacity 6220K, committed 6400K, reserved 1056768K
  class space    used 623K, capacity 648K, committed 768K, reserved 1048576K
Event: 0.285 GC heap after
Heap after GC invocations=3 (full 0):
 PSYoungGen      total 3584K, used 496K [0x00000000d5d80000, 0x00000000d6480000, 0x0000000100000000)
  eden space 3072K, 0% used [0x00000000d5d80000,0x00000000d5d80000,0x00000000d6080000)
  from space 512K, 96% used [0x00000000d6080000,0x00000000d60fc010,0x00000000d6100000)
  to   space 512K, 0% used [0x00000000d6400000,0x00000000d6400000,0x00000000d6480000)
 ParOldGen       total 5632K, used 584K [0x0000000081800000, 0x0000000081d80000, 0x00000000d5d80000)
  object space 5632K, 10% used [0x0000000081800000,0x0000000081892030,0x0000000081d80000)
 Metaspace       used 5068K, capacity 6220K, committed 6400K, reserved 1056768K
  class space    used 623K, capacity 648K, committed 768K, reserved 1048576K
}
Event: 0.368 GC heap before
{Heap before GC invocations=4 (full 0):
 PSYoungGen      total 3584K, used 3484K [0x00000000d5d80000, 0x00000000d6480000, 0x0000000100000000)
  eden space 3072K, 97% used [0x00000000d5d80000,0x00000000d606b3a0,0x00000000d6080000)
  from space 512K, 96% used [0x00000000d6080000,0x00000000d60fc010,0x00000000d6100000)
  to   space 512K, 0% used [0x00000000d6400000,0x00000000d6400000,0x00000000d6480000)
 ParOldGen       total 5632K, used 584K [0x0000000081800000, 0x0000000081d80000, 0x00000000d5d80000)
  object space 5632K, 10% used [0x0000000081800000,0x0000000081892030,0x0000000081d80000)
 Metaspace       used 6085K, capacity 7182K, committed 7552K, reserved 1056768K
  class space    used 767K, capacity 778K, committed 896K, reserved 1048576K
Event: 0.369 GC heap after
Heap after GC invocations=4 (full 0):
 PSYoungGen      total 6656K, used 496K [0x00000000d5d80000, 0x00000000d6480000, 0x0000000100000000)
  eden space 6144K, 0% used [0x00000000d5d80000,0x00000000d5d80000,0x00000000d6380000)
  from space 512K, 96% used [0x00000000d6400000,0x00000000d647c010,0x00000000d6480000)
  to   space 512K, 0% used [0x00000000d6380000,0x00000000d6380000,0x00000000d6400000)
 ParOldGen       total 5632K, used 796K [0x0000000081800000, 0x0000000081d80000, 0x00000000d5d80000)
  object space 5632K, 14% used [0x0000000081800000,0x00000000818c7050,0x0000000081d80000)
 Metaspace       used 6085K, capacity 7182K, committed 7552K, reserved 1056768K
  class space    used 767K, capacity 778K, committed 896K, reserved 1048576K
}

Deoptimization events (2 events):
Event: 0.412 Thread 0x0000000003093000 Uncommon trap: reason=unstable_if action=reinterpret pc=0x00000000033a56ec method=java.lang.String.replace(CC)Ljava/lang/String; @ 26
Event: 0.414 Thread 0x0000000003093000 Uncommon trap: reason=class_check action=maybe_recompile pc=0x00000000033dc8a0 method=sun.misc.URLClassPath.getLoader(I)Lsun/misc/URLClassPath$Loader; @ 94

Classes redefined (0 events):
No events

Internal exceptions (8 events):
Event: 0.034 Thread 0x0000000003093000 Exception <a 'java/lang/NoSuchMethodError': Method sun.misc.Unsafe.defineClass(Ljava/lang/String;[BII)Ljava/lang/Class; name or signature does not match> (0x00000000d5d87cd8) thrown at [C:\re\workspace\8-2-build-windows-amd64-cygwin\jdk8u162\10278\hotspot
Event: 0.034 Thread 0x0000000003093000 Exception <a 'java/lang/NoSuchMethodError': Method sun.misc.Unsafe.prefetchRead(Ljava/lang/Object;J)V name or signature does not match> (0x00000000d5d87fc0) thrown at [C:\re\workspace\8-2-build-windows-amd64-cygwin\jdk8u162\10278\hotspot\src\share\vm\prim
Event: 0.153 Thread 0x0000000003093000 Exception <a 'java/security/PrivilegedActionException'> (0x00000000d5d91ac8) thrown at [C:\re\workspace\8-2-build-windows-amd64-cygwin\jdk8u162\10278\hotspot\src\share\vm\prims\jvm.cpp, line 1390]
Event: 0.153 Thread 0x0000000003093000 Exception <a 'java/security/PrivilegedActionException'> (0x00000000d5d91ec0) thrown at [C:\re\workspace\8-2-build-windows-amd64-cygwin\jdk8u162\10278\hotspot\src\share\vm\prims\jvm.cpp, line 1390]
Event: 0.154 Thread 0x0000000003093000 Exception <a 'java/security/PrivilegedActionException'> (0x00000000d5d95fd8) thrown at [C:\re\workspace\8-2-build-windows-amd64-cygwin\jdk8u162\10278\hotspot\src\share\vm\prims\jvm.cpp, line 1390]
Event: 0.154 Thread 0x0000000003093000 Exception <a 'java/security/PrivilegedActionException'> (0x00000000d5d963d0) thrown at [C:\re\workspace\8-2-build-windows-amd64-cygwin\jdk8u162\10278\hotspot\src\share\vm\prims\jvm.cpp, line 1390]
Event: 0.158 Thread 0x0000000003093000 Exception <a 'java/security/PrivilegedActionException'> (0x00000000d5dcbba0) thrown at [C:\re\workspace\8-2-build-windows-amd64-cygwin\jdk8u162\10278\hotspot\src\share\vm\prims\jvm.cpp, line 1390]
Event: 0.158 Thread 0x0000000003093000 Exception <a 'java/security/PrivilegedActionException'> (0x00000000d5dcbf98) thrown at [C:\re\workspace\8-2-build-windows-amd64-cygwin\jdk8u162\10278\hotspot\src\share\vm\prims\jvm.cpp, line 1390]

Events (10 events):
Event: 0.430 loading class com/sun/tools/javac/tree/TreeInfo$2
Event: 0.430 loading class com/sun/tools/javac/tree/TreeInfo$2 done
Event: 0.431 loading class com/sun/tools/javac/util/Position
Event: 0.431 loading class com/sun/tools/javac/util/Position done
Event: 0.432 loading class com/sun/tools/javac/util/Position$LineMapImpl
Event: 0.432 loading class com/sun/tools/javac/util/Position$LineMapImpl done
Event: 0.432 loading class com/sun/tools/javac/util/Position$LineMap
Event: 0.432 loading class com/sun/tools/javac/util/Position$LineMap done
Event: 0.432 loading class com/sun/tools/javac/util/Position$LineTabMapImpl
Event: 0.432 loading class com/sun/tools/javac/util/Position$LineTabMapImpl done


Dynamic libraries:
0x00007ff7272d0000 - 0x00007ff7272d7000 	C:\Program Files\Java\jdk1.8.0_162\bin\javac.exe
0x00007ffc3e310000 - 0x00007ffc3e4eb000 	C:\WINDOWS\SYSTEM32\ntdll.dll
0x00007ffc3df90000 - 0x00007ffc3e03e000 	C:\WINDOWS\System32\KERNEL32.DLL
0x00007ffc3aa00000 - 0x00007ffc3ac49000 	C:\WINDOWS\System32\KERNELBASE.dll
0x000000005d890000 - 0x000000005d8bf000 	C:\Program Files\Java\jdk1.8.0_162\bin\jli.dll
0x000000005d8c0000 - 0x000000005d991000 	C:\Program Files\Java\jdk1.8.0_162\bin\MSVCR100.dll
0x00007ffc3d5d0000 - 0x00007ffc3d671000 	C:\WINDOWS\System32\ADVAPI32.dll
0x00007ffc3cdd0000 - 0x00007ffc3ce6d000 	C:\WINDOWS\System32\msvcrt.dll
0x00007ffc3b870000 - 0x00007ffc3b8c9000 	C:\WINDOWS\System32\sechost.dll
0x00007ffc3e1c0000 - 0x00007ffc3e2e5000 	C:\WINDOWS\System32\RPCRT4.dll
0x00007ffc3e070000 - 0x00007ffc3e1ba000 	C:\WINDOWS\System32\USER32.dll
0x00007ffc2ba90000 - 0x00007ffc2bcf7000 	C:\WINDOWS\WinSxS\amd64_microsoft.windows.common-controls_6595b64144ccf1df_6.0.15063.483_none_26002d27e7c744a2\COMCTL32.dll
0x00007ffc3b4d0000 - 0x00007ffc3b4ee000 	C:\WINDOWS\System32\win32u.dll
0x00007ffc3d160000 - 0x00007ffc3d459000 	C:\WINDOWS\System32\combase.dll
0x00007ffc3e040000 - 0x00007ffc3e067000 	C:\WINDOWS\System32\GDI32.dll
0x00007ffc3b4f0000 - 0x00007ffc3b5e6000 	C:\WINDOWS\System32\ucrtbase.dll
0x00007ffc3b6e0000 - 0x00007ffc3b867000 	C:\WINDOWS\System32\gdi32full.dll
0x00007ffc3b640000 - 0x00007ffc3b6da000 	C:\WINDOWS\System32\msvcp_win.dll
0x00007ffc3ad00000 - 0x00007ffc3ad6a000 	C:\WINDOWS\System32\bcryptPrimitives.dll
0x00007ffc3d690000 - 0x00007ffc3d6bd000 	C:\WINDOWS\System32\IMM32.DLL
0x000000005dd40000 - 0x000000005de11000 	C:\Program Files\Java\jdk1.8.0_162\jre\bin\msvcr100.dll
0x000000005de20000 - 0x000000005e6c0000 	C:\Program Files\Java\jdk1.8.0_162\jre\bin\server\jvm.dll
0x00007ffc3ded0000 - 0x00007ffc3ded8000 	C:\WINDOWS\System32\PSAPI.DLL
0x00007ffc30ef0000 - 0x00007ffc30efa000 	C:\WINDOWS\SYSTEM32\VERSION.dll
0x00007ffc2e550000 - 0x00007ffc2e573000 	C:\WINDOWS\SYSTEM32\WINMM.dll
0x00007ffc2db20000 - 0x00007ffc2db29000 	C:\WINDOWS\SYSTEM32\WSOCK32.dll
0x00007ffc3de60000 - 0x00007ffc3decc000 	C:\WINDOWS\System32\WS2_32.dll
0x00007ffc2e440000 - 0x00007ffc2e46b000 	C:\WINDOWS\SYSTEM32\winmmbase.dll
0x00007ffc3b5f0000 - 0x00007ffc3b639000 	C:\WINDOWS\System32\cfgmgr32.dll
0x000000005dcf0000 - 0x000000005dcff000 	C:\Program Files\Java\jdk1.8.0_162\jre\bin\verify.dll
0x000000005dcc0000 - 0x000000005dce9000 	C:\Program Files\Java\jdk1.8.0_162\jre\bin\java.dll
0x000000005dca0000 - 0x000000005dcb6000 	C:\Program Files\Java\jdk1.8.0_162\jre\bin\zip.dll
0x00007ffc3b990000 - 0x00007ffc3cdc7000 	C:\WINDOWS\System32\SHELL32.dll
0x00007ffc3dee0000 - 0x00007ffc3df8a000 	C:\WINDOWS\System32\shcore.dll
0x00007ffc3add0000 - 0x00007ffc3b4c1000 	C:\WINDOWS\System32\windows.storage.dll
0x00007ffc3d720000 - 0x00007ffc3d771000 	C:\WINDOWS\System32\shlwapi.dll
0x00007ffc3a810000 - 0x00007ffc3a821000 	C:\WINDOWS\System32\kernel.appcore.dll
0x00007ffc3a7c0000 - 0x00007ffc3a80c000 	C:\WINDOWS\System32\powrprof.dll
0x00007ffc3a7a0000 - 0x00007ffc3a7b5000 	C:\WINDOWS\System32\profapi.dll

VM Arguments:
jvm_args: -Dapplication.home=C:\Program Files\Java\jdk1.8.0_162 -Xms8m 
java_command: com.sun.tools.javac.Main -d C:\Users\Touqeer\Desktop\testProject\build\classes -classpath C:\Users\Touqeer\Desktop\testProject\build\classes -sourcepath C:\Users\Touqeer\Desktop\testProject\build\empty -target 1.8 -encoding UTF-8 -g -processorpath C:\Users\Touqeer\Desktop\testProject\build\empty -s C:\Users\Touqeer\Desktop\testProject\build\generated-sources\ap-source-output -source 1.8 C:\Users\Touqeer\Desktop\testProject\src\EmployeemanagementSystemProject\Accountant.java C:\Users\Touqeer\Desktop\testProject\src\EmployeemanagementSystemProject\Employee.java C:\Users\Touqeer\Desktop\testProject\src\EmployeemanagementSystemProject\EmployeeManagement.java C:\Users\Touqeer\Desktop\testProject\src\EmployeemanagementSystemProject\EmployeeManagementMethods.java C:\Users\Touqeer\Desktop\testProject\src\EmployeemanagementSystemProject\GraphicDesigners.java C:\Users\Touqeer\Desktop\testProject\src\EmployeemanagementSystemProject\Main.java C:\Users\Touqeer\Desktop\testProject\src\EmployeemanagementSystemProject\Manager.java C:\Users\Touqeer\Desktop\testProject\src\EmployeemanagementSystemProject\Programmer.java C:\Users\Touqeer\Desktop\testProject\src\EmployeemanagementSystemProject\Scanner.java C:\Users\Touqeer\Desktop\testProject\src\EmployeemanagementSystemProject\Secretary.java C:\Users\Touqeer\Desktop\testProject\src\EmployeemanagementSystemProject\StatisticsMethods.java C:\Users\Touqeer\Desktop\testProject\src\EmployeemanagementSystemProject\Tester.java C:\Users\Touqeer\Desktop\testProject\src\EmployeemanagementSystemProject\UI.java
java_class_path (initial): C:\Program Files\Java\jdk1.8.0_162/lib/tools.jar;C:\Program Files\Java\jdk1.8.0_162/classes
Launcher Type: SUN_STANDARD

Environment Variables:
JAVA_HOME=C:\Program Files\Java\jdk1.8.0_162
PATH=C:\ProgramData\Oracle\Java\javapath;C:\Program Files (x86)\Intel\iCLS Client\;C:\Program Files\Intel\iCLS Client\;C:\WINDOWS\system32;C:\WINDOWS;C:\WINDOWS\System32\Wbem;C:\WINDOWS\System32\WindowsPowerShell\v1.0\;C:\Program Files\Java\jdk1.8.0_162\bin;C:\Users\Touqeer\AppData\Local\Microsoft\WindowsApps;C:\Program Files\Java\jdk1.8.0_162\bin;
USERNAME=Touqeer
OS=Windows_NT
PROCESSOR_IDENTIFIER=Intel64 Family 6 Model 61 Stepping 4, GenuineIntel



---------------  S Y S T E M  ---------------

OS: Windows 10.0 , 64 bit Build 15063 (10.0.15063.296)

CPU:total 4 (initial active 4) (2 cores per cpu, 2 threads per core) family 6 model 61 stepping 4, cmov, cx8, fxsr, mmx, sse, sse2, sse3, ssse3, sse4.1, sse4.2, popcnt, avx, avx2, aes, clmul, erms, 3dnowpref, lzcnt, ht, tsc, tscinvbit, bmi1, bmi2, adx

Memory: 4k page, physical 8288684k(3723560k free), swap 12310584k(4128k free)

vm_info: Java HotSpot(TM) 64-Bit Server VM (25.162-b12) for windows-amd64 JRE (1.8.0_162-b12), built on Dec 19 2017 20:00:03 by "java_re" with MS VC++ 10.0 (VS2010)

time: Thu Mar 08 21:11:55 2018
elapsed time: 0 seconds (0d 0h 0m 0s)

